<?xml version="1.0" encoding="UTF-8"?>
<!-- Generated by org.testng.reporters.JUnitReportReporter -->
<testsuite skipped="0" hostname="Infva07283" name="TestNg_Day5.Execute2" tests="1" failures="0" timestamp="14 Mar 2019 05:07:57 GMT" time="7.409" errors="0">
  <testcase name="f" time="7.409" classname="TestNg_Day5.Execute2"/>
</testsuite> <!-- TestNg_Day5.Execute2 -->
