<?xml version="1.0" encoding="UTF-8"?>
<!-- Generated by org.testng.reporters.JUnitReportReporter -->
<testsuite skipped="0" hostname="Infva07283" name="Day7Junit.Scrolling" tests="1" failures="0" timestamp="12 Mar 2019 11:51:41 GMT" time="19.141" errors="0">
  <testcase name="f" time="19.141" classname="Day7Junit.Scrolling"/>
</testsuite> <!-- Day7Junit.Scrolling -->
