<?xml version="1.0" encoding="UTF-8"?>
<!-- Generated by org.testng.reporters.JUnitReportReporter -->
<testsuite skipped="0" hostname="Infva07283" name="TestNg_Day5.Hybrid" tests="6" failures="0" timestamp="14 Mar 2019 06:54:44 GMT" time="6.390" errors="0">
  <testcase name="f" time="1.865" classname="TestNg_Day5.Hybrid"/>
  <testcase name="f" time="0.430" classname="TestNg_Day5.Hybrid"/>
  <testcase name="f" time="0.415" classname="TestNg_Day5.Hybrid"/>
  <testcase name="f" time="0.097" classname="TestNg_Day5.Hybrid"/>
  <testcase name="f" time="3.476" classname="TestNg_Day5.Hybrid"/>
  <testcase name="f" time="0.107" classname="TestNg_Day5.Hybrid"/>
</testsuite> <!-- TestNg_Day5.Hybrid -->
