<?xml version="1.0" encoding="UTF-8"?>
<!-- Generated by org.testng.reporters.JUnitReportReporter -->
<testsuite skipped="0" hostname="Infva07283" name="testNG.NewTest" tests="2" failures="0" timestamp="09 Mar 2019 06:53:51 GMT" time="1.911" errors="0">
  <testcase name="f" time="1.859" classname="testNG.NewTest"/>
  <testcase name="searchbBoxTest" time="0.052" classname="testNG.NewTest"/>
</testsuite> <!-- testNG.NewTest -->
