<?xml version="1.0" encoding="UTF-8"?>
<!-- Generated by org.testng.reporters.JUnitReportReporter -->
<testsuite skipped="0" hostname="Infva07283" name="testNg_Day4.Grouping" tests="2" failures="0" timestamp="13 Mar 2019 09:25:18 GMT" time="0.016" errors="0">
  <testcase name="f1" time="0.016" classname="testNg_Day4.Grouping"/>
  <testcase name="f2" time="0.000" classname="testNg_Day4.Grouping"/>
</testsuite> <!-- testNg_Day4.Grouping -->
