<?xml version="1.0" encoding="UTF-8"?>
<!-- Generated by org.testng.reporters.JUnitReportReporter -->
<testsuite skipped="0" hostname="Infva07283" name="TestNg_Day3.DeleteCookies" tests="1" failures="0" timestamp="12 Mar 2019 05:39:00 GMT" time="8.472" errors="0">
  <testcase name="Oracle" time="8.472" classname="TestNg_Day3.DeleteCookies"/>
</testsuite> <!-- TestNg_Day3.DeleteCookies -->
