<?xml version="1.0" encoding="UTF-8"?>
<!-- Generated by org.testng.reporters.JUnitReportReporter -->
<testsuite skipped="0" hostname="Infva07283" name="TestNg_Day3.AlertTest" tests="1" failures="0" timestamp="12 Mar 2019 06:41:32 GMT" time="10.877" errors="0">
  <testcase name="f" time="10.877" classname="TestNg_Day3.AlertTest"/>
</testsuite> <!-- TestNg_Day3.AlertTest -->
