<?xml version="1.0" encoding="UTF-8"?>
<!-- Generated by org.testng.reporters.JUnitReportReporter -->
<testsuite skipped="0" hostname="Infva07283" name="testNg_Day4.DependsExample" tests="3" failures="0" timestamp="13 Mar 2019 08:43:46 GMT" time="0.011" errors="0">
  <testcase name="f3" time="0.002" classname="testNg_Day4.DependsExample"/>
  <testcase name="f2" time="0.001" classname="testNg_Day4.DependsExample"/>
  <testcase name="f1" time="0.008" classname="testNg_Day4.DependsExample"/>
</testsuite> <!-- testNg_Day4.DependsExample -->
