<?xml version="1.0" encoding="UTF-8"?>
<!-- Generated by org.testng.reporters.JUnitReportReporter -->
<testsuite skipped="0" hostname="Infva07283" name="testNg_Day4.TestSelenium" tests="2" failures="0" timestamp="13 Mar 2019 12:32:39 GMT" time="8.957" errors="0">
  <testcase name="LoginProcess" time="3.852" classname="testNg_Day4.TestSelenium"/>
  <testcase name="execute" time="5.105" classname="testNg_Day4.TestSelenium"/>
</testsuite> <!-- testNg_Day4.TestSelenium -->
