<?xml version="1.0" encoding="UTF-8"?>
<!-- Generated by org.testng.reporters.JUnitReportReporter -->
<testsuite skipped="0" hostname="Infva07283" name="testNg_Day4.ReadProperty" tests="1" failures="0" timestamp="13 Mar 2019 10:31:48 GMT" time="4.662" errors="0">
  <testcase name="Read" time="4.662" classname="testNg_Day4.ReadProperty"/>
</testsuite> <!-- testNg_Day4.ReadProperty -->
