<?xml version="1.0" encoding="UTF-8"?>
<!-- Generated by org.testng.reporters.JUnitReportReporter -->
<testsuite skipped="0" hostname="Infva07283" name="testNG_Day2.AllAnotation" tests="2" failures="0" timestamp="11 Mar 2019 09:09:37 GMT" time="0.031" errors="0">
  <testcase name="f2" time="0.016" classname="testNG_Day2.AllAnotation"/>
  <testcase name="f" time="0.015" classname="testNG_Day2.AllAnotation"/>
</testsuite> <!-- testNG_Day2.AllAnotation -->
