<?xml version="1.0" encoding="UTF-8"?>
<!-- Generated by org.testng.reporters.JUnitReportReporter -->
<testsuite skipped="0" hostname="Infva07283" name="TestNg_Day5.GridExample" tests="1" failures="0" timestamp="14 Mar 2019 09:47:59 GMT" time="21.159" errors="0">
  <testcase name="f" time="21.159" classname="TestNg_Day5.GridExample"/>
</testsuite> <!-- TestNg_Day5.GridExample -->
