<?xml version="1.0" encoding="UTF-8"?>
<!-- Generated by org.testng.reporters.JUnitReportReporter -->
<testsuite skipped="0" hostname="Infva07283" name="testNg_Day4.Depends" tests="3" failures="0" timestamp="13 Mar 2019 08:43:46 GMT" time="5.198" errors="0">
  <testcase name="f3" time="2.844" classname="testNg_Day4.Depends"/>
  <testcase name="f2" time="0.105" classname="testNg_Day4.Depends"/>
  <testcase name="f1" time="2.249" classname="testNg_Day4.Depends"/>
</testsuite> <!-- testNg_Day4.Depends -->
