<?xml version="1.0" encoding="UTF-8"?>
<!-- Generated by org.testng.reporters.JUnitReportReporter -->
<testsuite skipped="0" hostname="Infva07283" name="util.GridExample" tests="2" failures="0" timestamp="14 Mar 2019 10:08:05 GMT" time="8.392" errors="0">
  <testcase name="f" time="4.145" classname="util.GridExample"/>
  <testcase name="f" time="4.247" classname="util.GridExample"/>
</testsuite> <!-- util.GridExample -->
